[2023-11-15 23:44:39.741865] [春日信使 你是我的最佳童话] url may have some error
[2023-11-15 23:47:06.066388] [神级乌鸦嘴] 暂未查到结果，后台已记录，后续会安排更新
[2023-11-15 23:47:13.909352] [日月复明 当朱元璋穿成崇祯] 暂未查到结果，后台已记录，后续会安排更新
[2023-11-15 23:47:21.866903] [穿成万人嫌的我有升级系统] url may have some error
[2023-11-15 23:48:22.175364] [太行道] 暂未查到结果，后台已记录，后续会安排更新
[2023-11-15 23:48:29.326913] [京城百妖抄] 暂未查到结果，后台已记录，后续会安排更新
[2023-11-15 23:49:02.687043] [诡纹 上] 暂未查到结果，后台已记录，后续会安排更新
[2023-11-15 23:49:10.830214] [人性片场 人性中的 矛盾 故事] 暂未查到结果，后台已记录，后续会安排更新
[2023-11-15 23:49:18.722921] [民间怪谈 10 个心灵冒险的神秘故事] 暂未查到结果，后台已记录，后续会安排更新
[2023-11-15 23:49:28.241764] [最后一个嫌疑人] url may have some error
[2023-11-15 23:49:45.931599] [猫咪夜话 48 个不同寻常的夜晚] 暂未查到结果，后台已记录，后续会安排更新
[2023-11-15 23:49:53.132168] [致命爱人 我爱你 所以还是毁了你吧] 暂未查到结果，后台已记录，后续会安排更新
[2023-11-15 23:50:01.253226] [莫言的奇奇怪怪故事集] 暂未查到结果，后台已记录，后续会安排更新
[2023-11-15 23:50:08.760509] [爱 理解与救赎丨9 个奇遇小故事] 暂未查到结果，后台已记录，后续会安排更新
[2023-11-15 23:50:15.944226] [惊奇档案 杂志编辑的风声奇谈] 暂未查到结果，后台已记录，后续会安排更新
[2023-11-15 23:50:23.616796] [城市怪物 离你最近的都市怪谈] 暂未查到结果，后台已记录，后续会安排更新
[2023-11-15 23:50:31.677087] [不存在的孩子 打开 12 个活人与神怪共处的奇幻世界] 暂未查到结果，后台已记录，后续会安排更新
[2023-11-15 23:50:39.300691] [清代袁枚 子不语 志怪故事解读 脑洞大开的怪力乱神] 暂未查到结果，后台已记录，后续会安排更新
[2023-11-15 23:50:46.798110] [最漫长的那一夜] 暂未查到结果，后台已记录，后续会安排更新
[2023-11-15 23:50:53.940821] [人间行之妖异巡记] 暂未查到结果，后台已记录，后续会安排更新
[2023-11-15 23:51:01.305194] [东北野仙 第二卷 鬼仙] 暂未查到结果，后台已记录，后续会安排更新
[2023-11-15 23:51:08.913320] [量尸人 第三卷] 暂未查到结果，后台已记录，后续会安排更新
[2023-11-15 23:51:16.482419] [量尸人 第六卷] 暂未查到结果，后台已记录，后续会安排更新
[2023-11-15 23:51:26.004069] [恐怖深潜 别相信你的眼睛] url may have some error
[2023-11-15 23:51:36.283149] [北洋奇谭 2 民国景观中的传奇变貌] 暂未查到结果，后台已记录，后续会安排更新
[2023-11-15 23:52:01.864132] [小镇青年 百味故事] 暂未查到结果，后台已记录，后续会安排更新
[2023-11-15 23:52:37.951853] [坠龙] 暂未查到结果，后台已记录，后续会安排更新
[2023-11-15 23:52:57.847974] [一纸烟萝] 暂未查到结果，后台已记录，后续会安排更新
[2023-11-15 23:53:17.746444] [巷说异闻录 细思恐极的民间传说] 暂未查到结果，后台已记录，后续会安排更新
[2023-11-15 23:54:08.118604] [侯大利刑侦笔记] 暂未查到结果，后台已记录，后续会安排更新
[2023-11-15 23:54:15.881252] [心中的他 我在孤儿院渐渐长大] 暂未查到结果，后台已记录，后续会安排更新
[2023-11-15 23:54:38.156226] [罪念 犯罪侧写师与连环杀手的至高对决] 暂未查到结果，后台已记录，后续会安排更新
[2023-11-15 23:55:20.172810] [与恶女同车] 暂未查到结果，后台已记录，后续会安排更新
[2023-11-15 23:55:47.333364] [棺材村 民间风水秘术] 暂未查到结果，后台已记录，后续会安排更新
[2023-11-15 23:56:11.178385] [玫瑰无罪] 暂未查到结果，后台已记录，后续会安排更新
[2023-11-15 23:56:50.238041] [我在娱乐圈打黑工] url may have some error
[2023-11-15 23:57:02.380118] [缉凶 我在重案队的故事] 暂未查到结果，后台已记录，后续会安排更新
[2023-11-15 23:57:09.672017] [法医现场笔记] 暂未查到结果，后台已记录，后续会安排更新
[2023-11-15 23:57:17.188357] [象的献祭] 暂未查到结果，后台已记录，后续会安排更新
[2023-11-15 23:57:24.213590] [神秘事件簿 奥兹冰人 天启大爆炸和迪亚特洛夫事件] 暂未查到结果，后台已记录，后续会安排更新
[2023-11-15 23:57:31.110257] [暗树 一个穿越暗网杀戮的程序员] 暂未查到结果，后台已记录，后续会安排更新
[2023-11-15 23:57:39.001132] [人性剧本杀 悬案现场的隐秘角落] 暂未查到结果，后台已记录，后续会安排更新
[2023-11-15 23:57:46.609368] [代号 X 脑内狂想计划] 暂未查到结果，后台已记录，后续会安排更新
[2023-11-15 23:57:54.517130] [牧羊人 天才犯罪心理侧写师的救赎之路] 暂未查到结果，后台已记录，后续会安排更新
[2023-11-15 23:58:15.471737] [谋杀启事4 恐怖凶案侦查手记] 暂未查到结果，后台已记录，后续会安排更新
[2023-11-15 23:58:23.711923] [倒卖凶宅那几年 第八卷 邪塔佛墙] 暂未查到结果，后台已记录，后续会安排更新
[2023-11-15 23:58:32.767206] [追赶者 如何在巧案迷局中追赶正义的脚步] 暂未查到结果，后台已记录，后续会安排更新
[2023-11-15 23:59:10.598520] [大象无形 窥见人性七宗罪] 暂未查到结果，后台已记录，后续会安排更新
[2023-11-15 23:59:31.456829] [小镇追凶] 暂未查到结果，后台已记录，后续会安排更新
[2023-11-15 23:59:52.166379] [致命游戏] 暂未查到结果，后台已记录，后续会安排更新
[2023-11-15 23:59:59.788254] [可爱漫画家 x 雅痞刑警联手破案] 暂未查到结果，后台已记录，后续会安排更新
[2023-11-16 00:00:24.601728] [人肉显微镜的推理时刻 细节控 请开始你的表演] 暂未查到结果，后台已记录，后续会安排更新
[2023-11-16 00:00:48.714465] [菜鸟拯救世界 小人物的逆袭奇想故事] 暂未查到结果，后台已记录，后续会安排更新
[2023-11-16 00:01:48.957405] [巫魔密室 7位失忆者的烧脑之旅] 暂未查到结果，后台已记录，后续会安排更新
[2023-11-16 00:01:56.527061] [赛博失格 仿生人谋杀事件] 暂未查到结果，后台已记录，后续会安排更新
[2023-11-16 00:02:03.982380] [重案实录 一位老刑警的奇案自述] 暂未查到结果，后台已记录，后续会安排更新
[2023-11-16 00:02:10.811326] [那多罪案力作 十九年间谋杀小叙] 暂未查到结果，后台已记录，后续会安排更新
[2023-11-16 00:03:34.891932] [平行网络谋杀案] 暂未查到结果，后台已记录，后续会安排更新
[2023-11-16 00:04:19.441580] [谁是凶手 孤岛诡异连续杀人事件] 暂未查到结果，后台已记录，后续会安排更新
[2023-11-16 00:05:14.415152] [陶球霸黑皮手册 8 个沾满鲜血与罪恶的迷案] 暂未查到结果，后台已记录，后续会安排更新
[2023-11-16 00:05:21.677360] [边境夜行人 真实缉毒现场] 暂未查到结果，后台已记录，后续会安排更新
[2023-11-16 00:05:28.871887] [滴血不认亲 DNA 鉴定事件簿] 暂未查到结果，后台已记录，后续会安排更新
[2023-11-16 00:05:35.874293] [法医 X 档案 非正常死亡调查实录] 暂未查到结果，后台已记录，后续会安排更新
[2023-11-16 00:05:43.486712] [非正常死亡 法医鉴证实录] 暂未查到结果，后台已记录，后续会安排更新
[2023-11-16 00:06:54.032019] [都市奇情录 城市角落的诡谲爱欲] 暂未查到结果，后台已记录，后续会安排更新
[2023-11-16 00:07:24.647007] [雪与火] 暂未查到结果，后台已记录，后续会安排更新
[2023-11-16 00:07:32.359672] [谋杀启事 反骨警察缉凶手记] 暂未查到结果，后台已记录，后续会安排更新
[2023-11-16 00:07:40.568053] [李家臣的闯关图] 暂未查到结果，后台已记录，后续会安排更新
[2023-11-16 00:11:00.050451] [骑士的献祭] 暂未查到结果，后台已记录，后续会安排更新
[2023-11-16 00:12:35.836744] [法医秦明之玩偶 皮囊之下 尽是枯骨] 暂未查到结果，后台已记录，后续会安排更新
[2023-11-16 00:13:47.551676] [紫金陈犯罪喜剧小说 低智商犯罪] 暂未查到结果，后台已记录，后续会安排更新
[2023-11-16 00:14:10.769151] [硬核法医手记 与看不见的对手暗中较量] 暂未查到结果，后台已记录，后续会安排更新
[2023-11-16 00:16:24.820777] [解魇师] url may have some error
[2023-11-16 00:17:26.554117] [法医秦明之遗忘者 那些消失的女人们] 暂未查到结果，后台已记录，后续会安排更新
[2023-11-16 00:17:59.516768] [夜行警事 一线刑警十年悬案追凶] 暂未查到结果，后台已记录，后续会安排更新
[2023-11-16 00:21:07.741484] [人间百诡 天黑请当心] url may have some error
[2023-11-16 00:21:23.173805] [夜惊魂 惧入骨髓] url may have some error
[2023-11-16 00:21:39.087300] [致命危机 暗夜下的涌动] url may have some error
[2023-11-16 00:21:52.934839] [子不语 百鬼夜行 请勿睁眼] url may have some error
[2023-11-16 00:22:08.045864] [脑洞商城] url may have some error
[2023-11-16 00:22:24.156904] [梦魇直播间] url may have some error
[2023-11-16 00:22:39.086141] [午夜禁止尖叫] url may have some error
[2023-11-16 00:22:52.683209] [血月将至 万物现世] url may have some error
[2023-11-16 00:23:08.487121] [午夜钟响 切勿睁眼] url may have some error
[2023-11-16 00:23:23.572050] [午夜开始尖叫] url may have some error
[2023-11-16 00:23:37.257872] [山海秘藏 国宝守护人志怪奇谈] 暂未查到结果，后台已记录，后续会安排更新
[2023-11-16 00:23:44.594207] [荒村禁地 生人勿进] 暂未查到结果，后台已记录，后续会安排更新
[2023-11-16 00:23:52.326260] [打开平行世界 脑洞突破天际的异界事件簿] 暂未查到结果，后台已记录，后续会安排更新
[2023-11-16 00:23:59.302464] [烧烤怪谈] 暂未查到结果，后台已记录，后续会安排更新
[2023-11-16 00:24:21.520728] [鬼话望安 高校怪谈] 暂未查到结果，后台已记录，后续会安排更新
[2023-11-16 00:24:58.222861] [兀之影] 暂未查到结果，后台已记录，后续会安排更新
[2023-11-16 00:25:07.173789] [心理罪秘档之诡案缉凶] 暂未查到结果，后台已记录，后续会安排更新
[2023-11-16 00:25:56.941223] [倒卖凶宅那几年 第四卷 艺苑鬼楼] 暂未查到结果，后台已记录，后续会安排更新
[2023-11-16 00:26:17.800899] [寻龙天师 第三卷] 暂未查到结果，后台已记录，后续会安排更新
[2023-11-16 00:26:52.696884] [白骨夜行 胆小者绕路] url may have some error
[2023-11-16 00:27:03.738294] [梦核处理器 2 0] url may have some error
[2023-11-16 00:27:13.773953] [我穿过炼狱之门] url may have some error
[2023-11-16 00:27:24.489384] [人性旅途 那些年背后的寒光] url may have some error
[2023-11-16 00:27:33.186479] [谈情说菜] 暂未查到结果，后台已记录，后续会安排更新
[2023-11-16 00:27:40.633140] [灯下黑 中国异闻录] 暂未查到结果，后台已记录，后续会安排更新
[2023-11-16 00:27:48.116447] [都市怪物集 每个人都有另一面] 暂未查到结果，后台已记录，后续会安排更新
[2023-11-16 00:28:05.166446] [亡灵短信 我身边的恐怖经历] 暂未查到结果，后台已记录，后续会安排更新
[2023-11-16 00:28:12.730995] [异行诡闻录] 暂未查到结果，后台已记录，后续会安排更新
[2023-11-16 00:28:39.938434] [堂吉诃德之梦 不负正义 无愧少年] 暂未查到结果，后台已记录，后续会安排更新
[2023-11-16 00:29:45.002416] [倒卖凶宅那几年 第一卷] 暂未查到结果，后台已记录，后续会安排更新
[2023-11-16 00:30:01.598704] [倒卖凶宅那几年 第二卷 崖谷秘葬] 暂未查到结果，后台已记录，后续会安排更新
[2023-11-16 00:30:09.914383] [量尸人 第二卷] 暂未查到结果，后台已记录，后续会安排更新
[2023-11-16 00:30:18.126556] [寻龙天师 第二卷] 暂未查到结果，后台已记录，后续会安排更新
[2023-11-16 00:30:26.807747] [寻龙天师 第四卷] 暂未查到结果，后台已记录，后续会安排更新
[2023-11-16 00:30:34.272099] [诡秘谋杀专案组 第一卷 黑血恐惧] 暂未查到结果，后台已记录，后续会安排更新
[2023-11-16 00:30:53.489768] [罪案笔记 窥见你心底的秘密] url may have some error
[2023-11-16 00:31:56.743069] [量尸人 第五卷] 暂未查到结果，后台已记录，后续会安排更新
[2023-11-16 00:32:23.260208] [我这几年炒房专门买凶宅] 暂未查到结果，后台已记录，后续会安排更新
[2023-11-16 00:32:40.237279] [恐怖的爱人 10 个亲密关系中的幽秘时刻] 暂未查到结果，后台已记录，后续会安排更新
[2023-11-16 00:32:47.909959] [东南亚异闻录 恐怖就在我身边] 暂未查到结果，后台已记录，后续会安排更新
[2023-11-16 00:33:03.565219] [罪全书 有人离奇死亡 有人变态癫狂] 暂未查到结果，后台已记录，后续会安排更新
[2023-11-16 00:33:20.889764] [寻龙天师 第一卷] 暂未查到结果，后台已记录，后续会安排更新
[2023-11-16 00:33:46.014407] [444 号家具店] 暂未查到结果，后台已记录，后续会安排更新
[2023-11-16 00:33:54.298281] [桐花中路私立协济医院怪谈] 暂未查到结果，后台已记录，后续会安排更新
[2023-11-16 00:34:02.126109] [玄龙门阵 异人的都市奇闻] 暂未查到结果，后台已记录，后续会安排更新
[2023-11-16 00:34:27.321553] [罪恶无声 2 冷门职业的都市传说] 暂未查到结果，后台已记录，后续会安排更新
[2023-11-16 00:35:23.536157] [惊奇勿语 一个悬疑圈女编辑经历的灵异事件] 暂未查到结果，后台已记录，后续会安排更新
[2023-11-16 00:35:51.285941] [深夜惊奇 你不敢打开的睡前故事] url may have some error
[2023-11-16 00:36:39.878297] [阴阳侦探所 心理深渊中的诡异案件集] 暂未查到结果，后台已记录，后续会安排更新
[2023-11-16 00:36:55.232808] [解咒人姜生 穿越古墓的通灵人] 暂未查到结果，后台已记录，后续会安排更新
[2023-11-16 00:37:38.001174] [玄学直播 爆红全网] url may have some error
[2023-11-16 00:37:55.545687] [花市街] 暂未查到结果，后台已记录，后续会安排更新
[2023-11-16 00:38:03.328181] [江湖诡怪录 茅山道士和真命天子的江湖历险] 暂未查到结果，后台已记录，后续会安排更新
[2023-11-16 00:38:10.090053] [恐惧迷局 6 个令人窒息的暗黑故事] 暂未查到结果，后台已记录，后续会安排更新
[2023-11-16 00:40:25.038851] [病名为爱 被嫌弃的她们的一生] 暂未查到结果，后台已记录，后续会安排更新
[2023-11-16 00:42:21.988503] [逃脱记录 2 怪谈篇] 暂未查到结果，后台已记录，后续会安排更新
[2023-11-16 17:19:39.220314] [一天明月] [第 15 节 第十五节 破局复始] 未找到段落paragraphs 1 次
[2023-11-16 17:19:40.688792] [一天明月] [第 15 节 第十五节 破局复始] 未找到段落paragraphs 2 次
[2023-11-16 17:20:53.349971] [不要温和地走入那个良夜] [第 1 节 枕边纸人] 未找到段落paragraphs 1 次
[2023-11-16 17:22:28.685802] [不要温和地走入那个良夜] [第 18 节 万虫缠棺] 未找到段落paragraphs 1 次
[2023-11-16 17:23:17.530289] [不要温和地走入那个良夜] [第 27 节 她们都想要我命] 未找到段落paragraphs 1 次
[2023-11-16 17:23:54.544596] [不要温和地走入那个良夜] [第 33 节 重案组之诡人异兽] 未找到段落paragraphs 1 次
[2023-11-16 17:28:46.322524] [两同心 你我难绝 江海寄余生] [第 20 节 第十六年月] 未找到段落paragraphs 1 次 
[2023-11-16 17:30:06.691739] [丧尸爆发 大佬逃生我躺平] [第 11 节 末日苟活168天] 未找到段落paragraphs 1 次
[2023-11-16 17:30:08.283554] [丧尸爆发 大佬逃生我躺平] [第 11 节 末日苟活168天] 未找到段落paragraphs 2 次
[2023-11-16 17:30:09.737440] [丧尸爆发 大佬逃生我躺平] [第 11 节 末日苟活168天] 未找到段落paragraphs 3 次
[2023-11-16 17:30:11.053141] [丧尸爆发 大佬逃生我躺平] [第 11 节 末日苟活168天] 未找到段落paragraphs 4 次
[2023-11-16 17:30:12.387119] [丧尸爆发 大佬逃生我躺平] [第 11 节 末日苟活168天] 未找到段落paragraphs 5 次
[2023-11-16 17:32:45.389483] [丧尸爆发 大佬逃生我躺平] [第 38 节 末世之绝地重生] 未找到段落paragraphs 1 次
[2023-11-16 17:37:35.202625] [中国恶魔 极端环境下的人性试炼] [第3章 鹤岗大劫案　] 未找到段落paragraphs 1 次
[2023-11-16 17:42:00.619928] [中邪 什么都好奇会害了你] [第 41 节 献祭] 未找到段落paragraphs 1 次
[2023-11-16 17:42:01.992444] [中邪 什么都好奇会害了你] [第 41 节 献祭] 未找到段落paragraphs 2 次
[2023-11-16 17:42:03.504165] [中邪 什么都好奇会害了你] [第 41 节 献祭] 未找到段落paragraphs 3 次
[2023-11-16 17:42:04.868211] [中邪 什么都好奇会害了你] [第 41 节 献祭] 未找到段落paragraphs 4 次
[2023-11-16 17:42:06.314729] [中邪 什么都好奇会害了你] [第 41 节 献祭] 未找到段落paragraphs 5 次
[2023-11-16 17:44:26.568279] [中邪 他藏在你背后] [第 13 节 邪湖神] 未找到段落paragraphs 1 次
[2023-11-16 17:44:28.049433] [中邪 他藏在你背后] [第 13 节 邪湖神] 未找到段落paragraphs 2 次
[2023-11-16 17:44:44.158420] [中邪 他藏在你背后] [第 15 节 牲灵诡事：东北村落的灵邪异闻] 未找到段落paragraphs 1 次
[2023-11-16 17:46:48.474738] [亚洲异闻录] [第 17 节 第十三章：鬼泰拳] 未找到段落paragraphs 1 次
[2023-11-16 17:47:33.589795] [亲爱的阴狐大人 第三卷] [第 6 节 眼睛在哭，嘴巴在笑] 未找到段落paragraphs 1 次
[2023-11-16 17:48:54.411457] [亲爱的阴狐大人 第三卷] [第 20 节 CPU一头狐狸分几步？] 未找到段落paragraphs 1 次
[2023-11-16 17:49:01.091109] [亲爱的阴狐大人 第三卷] [第 21 节 求人大招] 未找到段落paragraphs 1 次
[2023-11-16 17:49:08.171668] [亲爱的阴狐大人 第三卷] [第 22 节 夺舍魂魄的身份] 未找到段落paragraphs 1 次
[2023-11-16 17:50:20.282216] [亲爱的阴狐大人 第二卷] [第 8 节 消失的孩子] 未找到段落paragraphs 1 次
[2023-11-16 17:50:26.905933] [亲爱的阴狐大人 第二卷] [第 9 节 不太正经的驴] 未找到段落paragraphs 1 次
[2023-11-16 17:54:04.897506] [人心如蛇 男欢女爱背后的蛊降] [第 2 节 生子秘方] 未找到段落paragraphs 1 次
[2023-11-16 17:55:23.295373] [人性凶猛 心里的野兽在作祟] [第 6 节 东海] 未找到段落paragraphs 1 次
[2023-11-16 17:55:53.121894] [人性旅途 那些年背后的寒光] [第 3 节 大雄和静香] 未找到段落paragraphs 1 次
[2023-11-16 18:00:51.805515] [人性熔炉 惊心虐案内幕纪实] [第 4 节 南京将军山碎尸案：倒在金钱下的人伦悲剧] 未找到段落paragraphs 1 次
[2023-11-16 18:01:03.193089] [人性熔炉 惊心虐案内幕纪实] [第 6 节 雅安命案：闺蜜的致命窥视] 未找到段落paragraphs 1 次
[2023-11-16 18:02:39.772022] [人性禁地 细思极恐的枕边人] [第16章 一个母亲的复仇] 未找到段落paragraphs 1 次
[2023-11-16 18:05:04.563863] [人生沉没实录 他们来自底层 在沼泽里挣扎着活] [第 2 节 逼上梁山] 未找到段落paragraphs 1 次
[2023-11-16 18:05:51.645718] [人间清醒 反击吧少女] [第 5 节 归途乐园] 未找到段落paragraphs 1 次
[2023-11-16 18:05:53.407963] [人间清醒 反击吧少女] [第 5 节 归途乐园] 未找到段落paragraphs 2 次
[2023-11-16 18:06:37.845177] [人间清醒 反击吧少女] [第 12 节 掉马后我成为全网团宠] 未找到段落paragraphs 1 次
[2023-11-16 18:08:44.933812] [人间清醒 反击吧少女] [第 15 节 全员恶人] 未找到段落paragraphs 1 次
[2023-11-16 18:09:07.659331] [人间清醒 反击吧少女] [第 19 节 抢回身体后，我杀疯了] 未找到段落paragraphs 1 次
[2023-11-16 18:10:26.446008] [人间百诡 天黑请当心] [第 2 节 五趾猪] 未找到段落paragraphs 1 次
[2023-11-16 18:10:27.746725] [人间百诡 天黑请当心] [第 2 节 五趾猪] 未找到段落paragraphs 2 次
[2023-11-16 18:17:30.954487] [仅侦探可见 你在真相面前无所遁形] [第 5 节 蜘蛛茶壶] 未找到段落paragraphs 1 次
[2023-11-16 18:20:14.236689] [仅侦探可见 你在真相面前无所遁形] [第 34 节 酒店规则怪谈] 未找到段落paragraphs 1 次
[2023-11-16 18:20:49.650254] [仅侦探可见 你在真相面前无所遁形] [第 40 节 惊魂游乐园] 未找到段落paragraphs 1 次
[2023-11-16 18:24:13.860069] [作伥] [第 9 节 长夜] 未找到段落paragraphs 1 次
[2023-11-16 18:28:41.434340] [全球灾变 吃饭睡觉打丧尸] [第 4 节 末日之我爸成了丧尸] 未找到段落paragraphs 1 次
[2023-11-16 18:28:53.232331] [全球灾变 吃饭睡觉打丧尸] [第 6 节 高考遇丧尸] 未找到段落paragraphs 1 次
[2023-11-16 18:29:17.884386] [全球灾变 吃饭睡觉打丧尸] [第 10 节 末世后重生男友带我飞] 未找到段落paragraphs 1 次
[2023-11-16 18:31:21.780357] [全球灾变 吃饭睡觉打丧尸] [第 31 节 丧尸来袭之我的失智未婚夫] 未找到段落paragraphs 1 次
[2023-11-16 18:38:02.076817] [冬夜孤村祭] [第 1 节 穿越到侦探游戏拆盲盒] 未找到段落paragraphs 1 次
[2023-11-16 18:38:44.447600] [冬夜孤村祭] [第 8 节 沈云的秘密] 未找到段落paragraphs 1 次
[2023-11-16 18:46:18.661387] [初生牛犊 干翻恶虎 懂法青年你别惹] [第 8 节 叫我大师姐] 未找到段落paragraphs 1 次
[2023-11-16 18:48:12.407823] [别相信任何人 黑灯下的灰色故事] [第 17 节 骷髅窝] 未找到段落paragraphs 1 次
[2023-11-16 18:48:19.551359] [别相信任何人 黑灯下的灰色故事] [第 18 节 愚人] 未找到段落paragraphs 1 次
[2023-11-16 18:48:21.045776] [别相信任何人 黑灯下的灰色故事] [第 18 节 愚人] 未找到段落paragraphs 2 次
[2023-11-16 18:50:22.596261] [别相信任何人 黑灯下的灰色故事] [第 39 节 寻凶] 未找到段落paragraphs 1 次
[2023-11-16 18:53:11.172694] [制服男神 谁的 DNA 动了] [第 15 节 地师少女之迷困哀牢山] 未找到段落paragraphs 1 次
[2023-11-16 18:53:12.451319] [制服男神 谁的 DNA 动了] [第 15 节 地师少女之迷困哀牢山] 未找到段落paragraphs 2 次
[2023-11-16 18:53:13.848417] [制服男神 谁的 DNA 动了] [第 15 节 地师少女之迷困哀牢山] 未找到段落paragraphs 3 次
[2023-11-16 18:53:15.143657] [制服男神 谁的 DNA 动了] [第 15 节 地师少女之迷困哀牢山] 未找到段落paragraphs 4 次
[2023-11-16 18:53:16.550268] [制服男神 谁的 DNA 动了] [第 15 节 地师少女之迷困哀牢山] 未找到段落paragraphs 5 次
[2023-11-16 18:55:36.909743] [制服男神 谁的 DNA 动了] [第 9 节 地师少女大战荫尸] 未找到段落paragraphs 1 次
[2023-11-16 18:55:38.327662] [制服男神 谁的 DNA 动了] [第 9 节 地师少女大战荫尸] 未找到段落paragraphs 2 次
[2023-11-16 18:56:32.689937] [制服男神 谁的 DNA 动了] [第 48 节 地师少女大战阴阳师] 未找到段落paragraphs 1 次
[2023-11-16 18:56:34.175948] [制服男神 谁的 DNA 动了] [第 48 节 地师少女大战阴阳师] 未找到段落paragraphs 2 次
[2023-11-16 18:56:35.723549] [制服男神 谁的 DNA 动了] [第 48 节 地师少女大战阴阳师] 未找到段落paragraphs 3 次
[2023-11-16 18:56:37.064100] [制服男神 谁的 DNA 动了] [第 48 节 地师少女大战阴阳师] 未找到段落paragraphs 4 次
[2023-11-16 18:56:38.408608] [制服男神 谁的 DNA 动了] [第 48 节 地师少女大战阴阳师] 未找到段落paragraphs 5 次
[2023-11-16 18:56:45.212798] [制服男神 谁的 DNA 动了] [第 50 节 直播鉴宝，活尸天珠] 未找到段落paragraphs 1 次
[2023-11-16 18:56:57.506294] [北九州一家人监禁杀人事件] [第 1 节 绝望的少女] 未找到段落paragraphs 1 次
[2023-11-16 19:04:43.435931] [十里桃花 等风也等你] [第 41 节 夜香世子] 未找到段落paragraphs 1 次
[2023-11-16 19:07:19.368618] [午夜尖叫] [第 5 节 消失的女友] 未找到段落paragraphs 1 次
[2023-11-16 19:07:55.303429] [午夜尖叫] [第 11 节 鬼伴娘] 未找到段落paragraphs 1 次
[2023-11-16 19:08:13.088683] [午夜尖叫] [第 14 节 爸爸是怪物] 未找到段落paragraphs 1 次
[2023-11-16 19:09:55.430622] [午夜尖叫] [第 19 节 鬼寄生] 未找到段落paragraphs 1 次
[2023-11-16 19:09:56.810081] [午夜尖叫] [第 19 节 鬼寄生] 未找到段落paragraphs 2 次
[2023-11-16 19:09:58.552695] [午夜尖叫] [第 19 节 鬼寄生] 未找到段落paragraphs 3 次
[2023-11-16 19:09:59.911720] [午夜尖叫] [第 19 节 鬼寄生] 未找到段落paragraphs 4 次
[2023-11-16 19:10:45.016874] [午夜尖叫] [第 27 节 点阴灯] 未找到段落paragraphs 1 次
[2023-11-16 19:10:46.486657] [午夜尖叫] [第 27 节 点阴灯] 未找到段落paragraphs 2 次
[2023-11-16 19:11:44.617360] [午夜尖叫] [第 37 节 借命赌王] 未找到段落paragraphs 1 次
[2023-11-16 19:11:46.457036] [午夜尖叫] [第 37 节 借命赌王] 未找到段落paragraphs 2 次
[2023-11-16 19:11:47.885100] [午夜尖叫] [第 37 节 借命赌王] 未找到段落paragraphs 3 次
[2023-11-16 19:11:49.247574] [午夜尖叫] [第 37 节 借命赌王] 未找到段落paragraphs 4 次
[2023-11-16 19:13:28.314608] [午夜尖叫] [第 53 节 住在衣柜里的女人] 未找到段落paragraphs 1 次
[2023-11-16 19:13:29.794802] [午夜尖叫] [第 53 节 住在衣柜里的女人] 未找到段落paragraphs 2 次
[2023-11-16 19:15:29.915743] [午夜尖叫] [第 73 节 索魂夜] 未找到段落paragraphs 1 次
[2023-11-16 19:20:41.303743] [午夜开始尖叫] [第 25 节 腐朽之花] 未找到段落paragraphs 1 次
[2023-11-16 19:20:42.676930] [午夜开始尖叫] [第 25 节 腐朽之花] 未找到段落paragraphs 2 次
[2023-11-16 19:20:44.150553] [午夜开始尖叫] [第 25 节 腐朽之花] 未找到段落paragraphs 3 次
[2023-11-16 19:20:45.691807] [午夜开始尖叫] [第 25 节 腐朽之花] 未找到段落paragraphs 4 次
[2023-11-16 19:20:47.068747] [午夜开始尖叫] [第 25 节 腐朽之花] 未找到段落paragraphs 5 次
[2023-11-16 19:23:46.575603] [午夜开始尖叫] [第 57 节 我爸成了猪饲料] 未找到段落paragraphs 1 次
[2023-11-16 19:23:54.134016] [午夜开始尖叫] [第 58 节 借鬼生子] 未找到段落paragraphs 1 次
[2023-11-16 19:25:44.312808] [午夜心慌慌 谁的心里有鬼 谁在午夜撞鬼] [第 7 节 捡骨师] 未找到段落paragraphs 1 次
[2023-11-16 19:26:54.045886] [午夜禁止尖叫] [第 11 节 嘎巴拉] 未找到段落paragraphs 1 次
[2023-11-16 19:27:28.184911] [午夜禁止尖叫] [第 17 节 抓住救赎] 未找到段落paragraphs 1 次
[2023-11-16 19:28:16.386473] [午夜禁止尖叫] [第 25 节 少女菇] 未找到段落paragraphs 1 次
[2023-11-16 19:29:41.882338] [午夜禁止尖叫] [第 40 节 为爱而亡] 未找到段落paragraphs 1 次
[2023-11-16 19:31:15.835684] [午夜禁止尖叫] [第 56 节 走不出的医院] 未找到段落paragraphs 1 次
[2023-11-16 19:31:17.380735] [午夜禁止尖叫] [第 56 节 走不出的医院] 未找到段落paragraphs 2 次
[2023-11-16 19:31:18.812769] [午夜禁止尖叫] [第 56 节 走不出的医院] 未找到段落paragraphs 3 次
[2023-11-16 19:31:20.180009] [午夜禁止尖叫] [第 56 节 走不出的医院] 未找到段落paragraphs 4 次
[2023-11-16 19:31:21.544195] [午夜禁止尖叫] [第 56 节 走不出的医院] 未找到段落paragraphs 5 次
[2023-11-16 19:32:54.109614] [午夜禁止尖叫] [第 73 节 死亡宿舍] 未找到段落paragraphs 1 次
[2023-11-16 19:34:54.114840] [午夜禁止尖叫] [第 94 节 如山父爱：贪之罪] 未找到段落paragraphs 1 次
[2023-11-16 19:37:28.141394] [午夜钟响 切勿睁眼] [第 9 节 直播算命，阴魂诡胎] 未找到段落paragraphs 1 次
[2023-11-16 19:38:08.305739] [午夜钟响 切勿睁眼] [第 16 节 中秋换子] 未找到段落paragraphs 1 次
[2023-11-16 19:38:59.731994] [午夜钟响 切勿睁眼] [第 25 节 中秋日，鬼回魂] 未找到段落paragraphs 1 次
[2023-11-16 19:47:38.227015] [向阳而生 做自己的光] [第 29 节 阴险但可爱] 未找到段落paragraphs 1 次
[2023-11-16 19:49:05.426810] [向阳而生 做自己的光] [第 44节 姐妹同心] 未找到段落paragraphs 1 次
[2023-11-16 19:54:46.432106] [围城内外 百态人生] [第 33 节 别净给我整雌竞] 未找到段落paragraphs 1 次
[2023-11-16 19:56:00.757856] [围城内外 百态人生] [第 45 节 过期爱情] 未找到段落paragraphs 1 次
[2023-11-16 19:56:48.876976] [围城内外 百态人生] [第 53 节 黄梁一场梦] 未找到段落paragraphs 1 次
[2023-11-16 19:56:50.368262] [围城内外 百态人生] [第 53 节 黄梁一场梦] 未找到段落paragraphs 2 次
[2023-11-16 19:59:26.858855] [围城内外 百态人生] [第 80 节 打破异地] 未找到段落paragraphs 1 次
[2023-11-16 19:59:33.444206] [围城内外 百态人生] [第 81 节 宋秘书为何这样] 未找到段落paragraphs 1 次
[2023-11-16 20:04:01.390892] [埋葬我的队友 恐怖游戏故事集] [第 8 节 消失的弹珠] 未找到段落paragraphs 1 次
[2023-11-16 20:08:19.705187] [埋葬真相 聆听亡者绝叫] [第 43 节 不再发抖的日子：羞耻] 未找到段落paragraphs 1 次
[2023-11-16 20:12:16.397500] [埋葬真相 聆听亡者绝叫] [第 79 节 借腹还子] 未找到段落paragraphs 1 次
[2023-11-16 20:13:51.963139] [埋葬真相 聆听亡者绝叫] [第 95 节 荒山镇阴蛊] 未找到段落paragraphs 1 次
[2023-11-16 20:14:05.712392] [埋葬真相 聆听亡者绝叫] [第 97 节 阴阳棺运子] 未找到段落paragraphs 1 次
[2023-11-16 20:17:34.883207] [夜惊魂 惧入骨髓] [第 19 节 喵喵] 未找到段落paragraphs 1 次
[2023-11-16 20:17:53.164513] [夜惊魂 惧入骨髓] [第 22 节 夺命旷课] 未找到段落paragraphs 1 次
[2023-11-16 20:17:54.719446] [夜惊魂 惧入骨髓] [第 22 节 夺命旷课] 未找到段落paragraphs 2 次
[2023-11-16 20:17:56.232756] [夜惊魂 惧入骨髓] [第 22 节 夺命旷课] 未找到段落paragraphs 3 次
[2023-11-16 20:17:57.568674] [夜惊魂 惧入骨髓] [第 22 节 夺命旷课] 未找到段落paragraphs 4 次
[2023-11-16 20:17:59.099422] [夜惊魂 惧入骨髓] [第 22 节 夺命旷课] 未找到段落paragraphs 5 次
[2023-11-16 20:18:00.686655] [夜惊魂 惧入骨髓] [第 23 节 双生花与银鳗] 未找到段落paragraphs 1 次
[2023-11-16 20:18:48.786637] [夜惊魂 惧入骨髓] [第 31 节 泰国鬼尸] 未找到段落paragraphs 1 次
[2023-11-16 20:19:02.185749] [夜惊魂 惧入骨髓] [第 33 节 清平灵师之子母双煞] 未找到段落paragraphs 1 次
[2023-11-16 20:20:18.890673] [夜惊魂 惧入骨髓] [第 46 节 湎北人彘] 未找到段落paragraphs 1 次
[2023-11-16 20:31:58.288150] [奇幻夜] [第 4 节 福尔图娜之瞳] 未找到段落paragraphs 1 次
[2023-11-16 20:31:59.922257] [奇幻夜] [第 4 节 福尔图娜之瞳] 未找到段落paragraphs 2 次
[2023-11-16 20:32:01.642812] [奇幻夜] [第 4 节 福尔图娜之瞳] 未找到段落paragraphs 3 次
[2023-11-16 20:32:03.451065] [奇幻夜] [第 4 节 福尔图娜之瞳] 未找到段落paragraphs 4 次
[2023-11-16 20:32:05.000713] [奇幻夜] [第 4 节 福尔图娜之瞳] 未找到段落paragraphs 5 次
[2023-11-16 20:32:23.030423] [奇幻夜] [第 8 节 幽灵同居者] 未找到段落paragraphs 1 次
[2023-11-16 20:32:24.534484] [奇幻夜] [第 8 节 幽灵同居者] 未找到段落paragraphs 2 次
[2023-11-16 20:35:15.082156] [奇葩人渣惩罚者] [第 22 节 凤凰男老公的阴谋] 未找到段落paragraphs 1 次
[2023-11-16 20:35:37.615928] [奇葩人渣惩罚者] [第 26 节 网恋陷阱] 未找到段落paragraphs 1 次
[2023-11-16 20:36:26.654293] [奇葩人渣惩罚者] [第 34 节 重生打脸绿茶班花] 未找到段落paragraphs 1 次
[2023-11-16 20:36:28.205359] [奇葩人渣惩罚者] [第 34 节 重生打脸绿茶班花] 未找到段落paragraphs 2 次
[2023-11-16 20:36:29.620155] [奇葩人渣惩罚者] [第 34 节 重生打脸绿茶班花] 未找到段落paragraphs 3 次
[2023-11-16 20:39:04.224144] [奇葩人渣惩罚者] [第 60 节 妹妹是个恋爱脑] 未找到段落paragraphs 1 次
[2023-11-16 20:39:18.493325] [奇葩人渣惩罚者] [第 62 节 希望破灭之后] 未找到段落paragraphs 1 次
[2023-11-16 20:39:58.208618] [奇葩人渣惩罚者] [第 69 节 体罚] 未找到段落paragraphs 1 次
[2023-11-16 20:41:13.217353] [奇葩人渣惩罚者] [第 82 节 姊妹] 未找到段落paragraphs 1 次
[2023-11-16 20:44:38.349864] [奇说妙语 2 看完了结尾 又怀疑开头的 20 个故事] [第 17 节 泉客村] 未找到段落paragraphs 1 次
[2023-11-16 20:50:48.902149] [妖夜慌踪] [第41章 福寿螺姑娘] 未找到段落paragraphs 1 次
[2023-11-16 20:51:04.985997] [妖夜慌踪] [第44章 不要打开那扇门] 未找到段落paragraphs 1 次
[2023-11-16 20:52:02.513909] [妖夫凶猛 妖本无害 人心祸端] [第 3 节 灵犬护主] 未找到段落paragraphs 1 次
[2023-11-16 20:52:10.427646] [妖夫凶猛 妖本无害 人心祸端] [第 4 节 灰仙治鬼] 未找到段落paragraphs 1 次
[2023-11-16 20:56:37.196188] [子不语 百鬼夜行 请勿睁眼] [第 25 节 民俗] 未找到段落paragraphs 1 次
[2023-11-16 20:56:55.166551] [子不语 百鬼夜行 请勿睁眼] [第 28 节 致命画册] 未找到段落paragraphs 1 次
[2023-11-16 20:56:56.693861] [子不语 百鬼夜行 请勿睁眼] [第 28 节 致命画册] 未找到段落paragraphs 2 次
[2023-11-16 20:56:58.126474] [子不语 百鬼夜行 请勿睁眼] [第 28 节 致命画册] 未找到段落paragraphs 3 次
[2023-11-16 20:59:45.731932] [完美谋杀 2 灵异事件与传说背后的犯罪故事] [第 7 节 薛定谔的证人：四少年溺水事件真相] 未找到段落paragraphs 1 次
[2023-11-16 20:59:47.069666] [完美谋杀 2 灵异事件与传说背后的犯罪故事] [第 7 节 薛定谔的证人：四少年溺水事件真相] 未找到段落paragraphs 2 次
[2023-11-16 21:02:28.306024] [宫阙美人谋] [第 7 节 北疆旧梦] 未找到段落paragraphs 1 次
[2023-11-16 21:02:52.214424] [宫阙美人谋] [第 11 节 庶女复仇日记] 未找到段落paragraphs 1 次
[2023-11-16 21:02:53.717071] [宫阙美人谋] [第 11 节 庶女复仇日记] 未找到段落paragraphs 2 次
[2023-11-16 21:03:13.027107] [宫阙美人谋] [第 14 节 凤归云] 未找到段落paragraphs 1 次
[2023-11-16 21:03:20.880762] [宫阙美人谋] [第 15 节 南疆蛊] 未找到段落paragraphs 1 次
[2023-11-16 21:04:06.359354] [宫阙美人谋] [第 22 节 公主她能看到字幕] 未找到段落paragraphs 1 次
[2023-11-16 21:04:07.821850] [宫阙美人谋] [第 22 节 公主她能看到字幕] 未找到段落paragraphs 2 次
[2023-11-16 21:04:09.538949] [宫阙美人谋] [第 22 节 公主她能看到字幕] 未找到段落paragraphs 3 次
[2023-11-16 21:04:11.195648] [宫阙美人谋] [第 22 节 公主她能看到字幕] 未找到段落paragraphs 4 次
[2023-11-16 21:04:12.690714] [宫阙美人谋] [第 22 节 公主她能看到字幕] 未找到段落paragraphs 5 次
[2023-11-16 21:10:20.411771] [寻龙天师 第五卷 南海归墟] [第 13 节 第13节 最强八宝天阕] 未找到段落paragraphs 1 次
[2023-11-16 21:14:46.736890] [寻龙天师 第五卷 南海归墟] [第 60 节 第60节 至阴生变] 未找到段落paragraphs 1 次
[2023-11-16 21:16:18.526808] [寻龙天师 第五卷 南海归墟] [第 69 节 第69节 太平道目的] 未找到段落paragraphs 1 次
[2023-11-16 21:16:54.816231] [小白与小娇花] [第 5 节 沦陷速度] 未找到段落paragraphs 1 次
[2023-11-16 21:26:11.440935] [异城 无声处有惊雷] [第 2 节 蜕皮] 未找到段落paragraphs 1 次
[2023-11-16 21:30:49.337353] [弟弟能有什么坏心思呢] [第 11 节 你好陆医生] 未找到段落paragraphs 1 次
[2023-11-16 21:31:06.032783] [弟弟能有什么坏心思呢] [第 14 节 晚风撩人] 未找到段落paragraphs 1 次
[2023-11-16 21:31:07.492651] [弟弟能有什么坏心思呢] [第 14 节 晚风撩人] 未找到段落paragraphs 2 次
[2023-11-16 21:31:08.851660] [弟弟能有什么坏心思呢] [第 14 节 晚风撩人] 未找到段落paragraphs 3 次
[2023-11-16 21:31:10.078539] [弟弟能有什么坏心思呢] [第 14 节 晚风撩人] 未找到段落paragraphs 4 次
[2023-11-16 21:31:11.558831] [弟弟能有什么坏心思呢] [第 14 节 晚风撩人] 未找到段落paragraphs 5 次
[2023-11-16 21:37:51.264536] [怪物世界] [第 17 节 真相] 未找到段落paragraphs 1 次
[2023-11-16 21:43:52.692945] [恐怖深潜 别相信你的眼睛] [第 18 节 阴间传说] 未找到段落paragraphs 1 次
[2023-11-16 21:44:25.046758] [恐怖深潜 别相信你的眼睛] [第 22 节 红白撞煞] 未找到段落paragraphs 1 次
[2023-11-16 21:44:42.612748] [恐怖深潜 别相信你的眼睛] [第 26 节 沉浸式恐怖片的拍摄流程] 未找到段落paragraphs 1 次
[2023-11-16 21:46:18.310372] [恐怖深潜 别相信你的眼睛] [第 43 节 空姐的包子] 未找到段落paragraphs 1 次
[2023-11-16 21:46:19.747279] [恐怖深潜 别相信你的眼睛] [第 43 节 空姐的包子] 未找到段落paragraphs 2 次
[2023-11-16 21:52:47.544932] [悍匪暴行录 细数罪恶的动机和末路] [第 5 节 台湾第一悍匪：震惊宝岛的豪门绑架案] 未找到段落paragraphs 1 次
[2023-11-16 21:53:36.576731] [悬疑匣子 一念成疯 池成烈焰] [第 4 节 大雾] 未找到段落paragraphs 1 次
[2023-11-16 21:56:05.220534] [悬疑匣子 一念成疯 池成烈焰] [第 30 节 家鼠] 未找到段落paragraphs 1 次
[2023-11-16 21:58:26.644365] [悬疑故事匣 压在箱底的爱与背叛] [第 19 节 密室谋杀网红：消失的凶手] 未找到段落paragraphs 1 次
[2023-11-16 21:58:28.268017] [悬疑故事匣 压在箱底的爱与背叛] [第 19 节 密室谋杀网红：消失的凶手] 未找到段落paragraphs 2 次
[2023-11-16 21:58:29.658244] [悬疑故事匣 压在箱底的爱与背叛] [第 19 节 密室谋杀网红：消失的凶手] 未找到段落paragraphs 3 次
[2023-11-16 21:58:31.145158] [悬疑故事匣 压在箱底的爱与背叛] [第 19 节 密室谋杀网红：消失的凶手] 未找到段落paragraphs 4 次
[2023-11-16 22:00:17.800382] [悬疑故事匣 压在箱底的爱与背叛] [第 37 节 脆皮五花肉] 未找到段落paragraphs 1 次
[2023-11-16 22:00:19.395308] [悬疑故事匣 压在箱底的爱与背叛] [第 37 节 脆皮五花肉] 未找到段落paragraphs 2 次
[2023-11-16 22:00:21.033176] [悬疑故事匣 压在箱底的爱与背叛] [第 37 节 脆皮五花肉] 未找到段落paragraphs 3 次
[2023-11-16 22:00:39.256378] [悬疑故事匣 压在箱底的爱与背叛] [第 40 节 那柄小花伞] 未找到段落paragraphs 1 次
[2023-11-16 22:01:31.165462] [悬疑故事匣 压在箱底的爱与背叛] [第 49 节 保研杀人事件] 未找到段落paragraphs 1 次
[2023-11-16 22:02:07.007354] [悬疑故事匣 压在箱底的爱与背叛] [第 55 节 盲女的反杀] 未找到段落paragraphs 1 次
[2023-11-16 22:05:24.682311] [悬疑故事匣 压在箱底的爱与背叛] [第 90 节 孕夫诡事] 未找到段落paragraphs 1 次
[2023-11-16 22:06:16.141913] [悬疑故事匣 压在箱底的爱与背叛] [第 99 节 李爷爷] 未找到段落paragraphs 1 次
[2023-11-16 22:06:17.679101] [悬疑故事匣 压在箱底的爱与背叛] [第 99 节 李爷爷] 未找到段落paragraphs 2 次
[2023-11-16 22:06:19.221161] [悬疑故事匣 压在箱底的爱与背叛] [第 99 节 李爷爷] 未找到段落paragraphs 3 次
[2023-11-16 22:06:20.565723] [悬疑故事匣 压在箱底的爱与背叛] [第 99 节 李爷爷] 未找到段落paragraphs 4 次
[2023-11-16 22:06:21.882053] [悬疑故事匣 压在箱底的爱与背叛] [第 99 节 李爷爷] 未找到段落paragraphs 5 次
[2023-11-16 22:06:49.515638] [惊奇档案 都市恐怖怪谈实录] [第 4 节 丢失的心脏：太平间里的女人] 未找到段落paragraphs 1 次
[2023-11-16 22:08:16.505806] [惊魂诡故事 天黑有人叫 你不要回头] [第 10 节 活人借住] 未找到段落paragraphs 1 次
[2023-11-16 22:16:59.767970] [惟愿从邪恶中拯救我] [第 2 节 我靠干饭通关无限流] 未找到段落paragraphs 1 次
[2023-11-16 22:18:54.188798] [惟愿从邪恶中拯救我] [第 21 节 我是恐怖游戏里的 NPC] 未找到段落paragraphs 1 次
[2023-11-16 22:18:55.689271] [惟愿从邪恶中拯救我] [第 21 节 我是恐怖游戏里的 NPC] 未找到段落paragraphs 2 次
[2023-11-16 22:18:57.097795] [惟愿从邪恶中拯救我] [第 21 节 我是恐怖游戏里的 NPC] 未找到段落paragraphs 3 次
[2023-11-16 22:18:58.768521] [惟愿从邪恶中拯救我] [第 21 节 我是恐怖游戏里的 NPC] 未找到段落paragraphs 4 次
[2023-11-16 22:19:17.268919] [惟愿从邪恶中拯救我] [第 24 节 末日中的黎明] 未找到段落paragraphs 1 次
[2023-11-16 22:20:06.375790] [惟愿从邪恶中拯救我] [补 班级谋杀案] 未找到段落paragraphs 1 次
[2023-11-16 22:24:04.037273] [我在娱乐圈打黑工] [第 13 节 13] 未找到段落paragraphs 1 次
[2023-11-16 22:25:13.687243] [我穿过炼狱之门] [第 2 节 暗黑桃花源] 未找到段落paragraphs 1 次
[2023-11-16 22:25:15.276848] [我穿过炼狱之门] [第 2 节 暗黑桃花源] 未找到段落paragraphs 2 次
[2023-11-16 22:25:16.664352] [我穿过炼狱之门] [第 2 节 暗黑桃花源] 未找到段落paragraphs 3 次
[2023-11-16 22:25:18.095431] [我穿过炼狱之门] [第 2 节 暗黑桃花源] 未找到段落paragraphs 4 次
[2023-11-16 22:25:19.490866] [我穿过炼狱之门] [第 2 节 暗黑桃花源] 未找到段落paragraphs 5 次
[2023-11-16 22:27:24.920921] [我穿过炼狱之门] [第 26 节 活人镇宅] 未找到段落paragraphs 1 次
[2023-11-16 22:27:55.922781] [我穿过炼狱之门] [第 31 节 池塘惊魂] 未找到段落paragraphs 1 次
[2023-11-16 22:28:03.375437] [我穿过炼狱之门] [第 32 节 无限火车] 未找到段落paragraphs 1 次
[2023-11-16 22:28:26.568247] [我穿过炼狱之门] [第 36 节 夺回身体计划] 未找到段落paragraphs 1 次
[2023-11-16 22:28:33.779445] [我穿过炼狱之门] [第 37 节 难言真相] 未找到段落paragraphs 1 次
[2023-11-16 22:29:10.385382] [我穿过炼狱之门] [第 43 节 孩儿片] 未找到段落paragraphs 1 次
[2023-11-16 22:29:49.490336] [我穿过炼狱之门] [第 50 节 胎盘] 未找到段落paragraphs 1 次
[2023-11-16 22:32:33.375840] [招惹] [第 11 节 林深不见鹿] 未找到段落paragraphs 1 次
[2023-11-16 22:32:52.470533] [招惹] [第 15 节 不在原地] 未找到段落paragraphs 1 次
[2023-11-16 22:34:10.218699] [招惹] [第 29 节 前男友成了家政工] 未找到段落paragraphs 1 次
[2023-11-16 22:39:30.882420] [捡了个道士下山捉鬼] [第 15 节 殷家手里居然有我的神格碎片] 未找到段落paragraphs 1 次
[2023-11-16 22:43:21.410067] [时空缉凶] [第 2 节 猎罪人] 未找到段落paragraphs 1 次
[2023-11-16 22:43:22.850553] [时空缉凶] [第 2 节 猎罪人] 未找到段落paragraphs 2 次
[2023-11-16 22:44:11.699523] [时空缉凶] [第 11 节 辜负与等待] 未找到段落paragraphs 1 次
[2023-11-16 22:56:07.862547] [明月如霜 纸短难解万千柔肠] [第 11 节 兰因旧时岁] 未找到段落paragraphs 1 次
[2023-11-16 22:58:16.097675] [明月如霜 纸短难解万千柔肠] [第 28 节 天上月] 未找到段落paragraphs 1 次
[2023-11-16 22:59:00.340715] [明月如霜 纸短难解万千柔肠] [第 35 节 公主的自我觉醒] 未找到段落paragraphs 1 次
[2023-11-16 23:00:07.309108] [明月如霜 纸短难解万千柔肠] [第 45 节 渡春风] 未找到段落paragraphs 1 次
[2023-11-16 23:03:48.477663] [星城相师风云] [第 21 节 钢铁直男马桶哥] 未找到段落paragraphs 1 次
[2023-11-16 23:03:50.558109] [星城相师风云] [第 21 节 钢铁直男马桶哥] 未找到段落paragraphs 2 次
[2023-11-16 23:03:52.528952] [星城相师风云] [第 21 节 钢铁直男马桶哥] 未找到段落paragraphs 3 次
[2023-11-16 23:03:54.410009] [星城相师风云] [第 21 节 钢铁直男马桶哥] 未找到段落paragraphs 4 次
[2023-11-16 23:07:44.950237] [最后一个嫌疑人] [第 8 节 阴子印] 未找到段落paragraphs 1 次
[2023-11-16 23:10:30.230348] [最后一个嫌疑人] [第 28 节 少女油] 未找到段落paragraphs 1 次
[2023-11-16 23:10:51.017511] [最后一个嫌疑人] [第 29 节 半鬼乔满] 未找到段落paragraphs 1 次
[2023-11-16 23:13:57.992393] [最后一个嫌疑人] [第 48 节 丧门星] 未找到段落paragraphs 1 次
[2023-11-16 23:14:16.560853] [最后一个嫌疑人] [第 50 节 医鬼] 未找到段落paragraphs 1 次
[2023-11-16 23:17:16.018928] [极度病态的爱 为你痴 为你狂 为你哐哐撞大墙] [第 11 节 消失的枕边人] 未找到段落paragraphs 1 次
[2023-11-16 23:17:22.847099] [极度病态的爱 为你痴 为你狂 为你哐哐撞大墙] [第 11 节 消失的枕边人] 未找到段落paragraphs 2 次
[2023-11-16 23:17:31.227476] [极度病态的爱 为你痴 为你狂 为你哐哐撞大墙] [第 11 节 消失的枕边人] 未找到段落paragraphs 3 次
[2023-11-16 23:17:38.342717] [极度病态的爱 为你痴 为你狂 为你哐哐撞大墙] [第 11 节 消失的枕边人] 未找到段落paragraphs 4 次
[2023-11-16 23:20:51.906368] [极度病态的爱 为你痴 为你狂 为你哐哐撞大墙] [第 25 节 审判者] 未找到段落paragraphs 1 次
[2023-11-16 23:26:32.621167] [极度病态的爱 为你痴 为你狂 为你哐哐撞大墙] [第 48 节 人鱼幻境] 未找到段落paragraphs 1 次
[2023-11-16 23:26:39.990076] [极度病态的爱 为你痴 为你狂 为你哐哐撞大墙] [第 48 节 人鱼幻境] 未找到段落paragraphs 2 次
[2023-11-16 23:27:39.993972] [梦核处理器] [第 2 节 我能看见提示框] 未找到段落paragraphs 1 次
[2023-11-16 23:28:19.288394] [梦核处理器] [第 4 节 地心人] 未找到段落paragraphs 1 次
[2023-11-16 23:31:43.086775] [梦核处理器] [第 14 节 绩点猎杀] 未找到段落paragraphs 1 次
[2023-11-16 23:37:51.362101] [梦核处理器] [第 32 节 嗜血摇钱树] 未找到段落paragraphs 1 次
[2023-11-16 23:38:03.677310] [梦核处理器] [第 32 节 嗜血摇钱树] 未找到段落paragraphs 2 次
[2023-11-16 23:38:16.258614] [梦核处理器] [第 32 节 嗜血摇钱树] 未找到段落paragraphs 3 次
[2023-11-16 23:38:25.776075] [梦核处理器] [第 32 节 嗜血摇钱树] 未找到段落paragraphs 4 次
[2023-11-16 23:38:35.291904] [梦核处理器] [第 32 节 嗜血摇钱树] 未找到段落paragraphs 5 次
[2023-11-16 23:45:30.580776] [梦核处理器 2 0] [第 11 节 暴雨求生] 未找到段落paragraphs 1 次
[2023-11-16 23:45:38.982296] [梦核处理器 2 0] [第 11 节 暴雨求生] 未找到段落paragraphs 2 次
[2023-11-16 23:45:49.481669] [梦核处理器 2 0] [第 11 节 暴雨求生] 未找到段落paragraphs 3 次
[2023-11-16 23:45:59.363974] [梦核处理器 2 0] [第 11 节 暴雨求生] 未找到段落paragraphs 4 次
[2023-11-16 23:46:10.736070] [梦核处理器 2 0] [第 11 节 暴雨求生] 未找到段落paragraphs 5 次
[2023-11-16 23:47:02.388638] [梦核处理器 2 0] [第 16 节 隔山海] 未找到段落paragraphs 1 次
[2023-11-16 23:58:23.125900] [梦魇直播间] [第 26 节 忘记我是鸟] 未找到段落paragraphs 1 次
[2023-11-17 00:01:40.508136] [梦魇直播间] [第 46 节 绣婴 2：转运珠] 未找到段落paragraphs 1 次
[2023-11-17 00:01:45.649680] [梦魇直播间] [第 46 节 绣婴 2：转运珠] 未找到段落paragraphs 2 次
[2023-11-17 00:08:56.572286] [死神来了 亲爱的她 不见了] [第 2 节 8 岁女儿失踪后遇害，收拾遗物时小叔说错话让我发现凶手] 未找到段落paragraphs 1 次
[2023-11-17 00:11:03.513792] [死神来了 亲爱的她 不见了] [第 23 节 10 岁女儿放学被拐，13 年后找回不想认] 未找到段落paragraphs 1 次
[2023-11-17 00:11:22.010149] [死神来了 亲爱的她 不见了] [第 26 节 你丈夫花 20 万要你命，你要不花 40 万反杀] 未找到段落paragraphs 1 次
[2023-11-17 00:12:16.802350] [民间惊悚故事 命案 灵异与人性至暗之地] [第 6 节 入殓师之死：尸体上的神秘牙印] 未找到段落paragraphs 1 次
[2023-11-17 00:12:18.347792] [民间惊悚故事 命案 灵异与人性至暗之地] [第 6 节 入殓师之死：尸体上的神秘牙印] 未找到段落paragraphs 2 次
[2023-11-17 00:14:08.365221] [民间惊悚故事 命案 灵异与人性至暗之地] [第 6 节 入殓师之死：尸体上的神秘牙印] 未找到段落paragraphs 4 次
[2023-11-17 00:14:09.703597] [民间惊悚故事 命案 灵异与人性至暗之地] [第 6 节 入殓师之死：尸体上的神秘牙印] 未找到段落paragraphs 5 次
[2023-11-17 00:14:39.003066] [民间惊悚故事 命案 灵异与人性至暗之地] [第 4 节 不属于我的爱人] 未找到段落paragraphs 1 次
[2023-11-17 00:15:05.754434] [江湖狠人 都市草莽录] [第 4 节 游乐场] 未找到段落paragraphs 1 次
[2023-11-17 00:15:47.925031] [江湖狠人 都市草莽录] [第 10 节 封校战斗事件] 未找到段落paragraphs 1 次
[2023-11-17 00:18:49.014634] [治愈星球 黑童话 小甜文 晚安故事集] [第 1 节 公主吻醒了沉睡的恶魔] 未找到段落paragraphs 1 次
[2023-11-17 00:24:11.173715] [消失的凶手 高智商谋杀背后的人性深渊] [第 9 节 干燥剂杀人案：「结婚改变命运」真的靠谱吗？] 未找到段落paragraphs 1 次
[2023-11-17 00:24:33.478914] [深夜惊奇 2 敢不敢把梦变成真] [第 1 节 如果你被捉去参加真实游戏《绝地求生》，你要怎么活到最后？] 未找到段落paragraphs 1 次
[2023-11-17 00:26:11.962669] [深夜惊奇 你不敢打开的睡前故事] [第 7 节 祭祀与代码：山和名字的秘密] 未找到段落paragraphs 1 次
[2023-11-17 00:26:41.653763] [深夜惊奇 你不敢打开的睡前故事] [第 12 节 最后一个地球人] 未找到段落paragraphs 1 次
[2023-11-17 00:26:43.333482] [深夜惊奇 你不敢打开的睡前故事] [第 12 节 最后一个地球人] 未找到段落paragraphs 2 次
[2023-11-17 00:27:32.929600] [深夜惊奇 你不敢打开的睡前故事] [第 21 节 我的舌头被人偷了] 未找到段落paragraphs 1 次
[2023-11-17 00:33:28.937702] [灭佛] [第 5 节 佛缘] 未找到段落paragraphs 1 次
[2023-11-17 00:35:38.428136] [爷爷探案 八零年代十宗罪] [第 7 节 独居女人的匿名信] 未找到段落paragraphs 1 次
[2023-11-17 00:37:29.101015] [玄学直播 爆红全网] [第 4 节 缅北行动] 未找到段落paragraphs 1 次
[2023-11-17 00:37:35.875328] [玄学直播 爆红全网] [第 5 节 灵异探险综艺] 未找到段落paragraphs 1 次
[2023-11-17 00:38:40.106362] [玄学直播 爆红全网] [第 16 节 深层死亡] 未找到段落paragraphs 1 次
[2023-11-17 00:39:58.291773] [玄学直播 爆红全网] [第 26 节 尸王被拐缅北后，大杀四方] 未找到段落paragraphs 1 次
[2023-11-17 00:43:00.788222] [玩的就是心跳 贪婪与毁灭] [第 1 节 墙里有人] 未找到段落paragraphs 1 次
[2023-11-17 00:45:41.511851] [玩的就是心跳 贪婪与毁灭] [第 29 节 死亡直播] 未找到段落paragraphs 1 次
[2023-11-17 00:46:13.824907] [玩的就是心跳 贪婪与毁灭] [第 34 节 拼车] 未找到段落paragraphs 1 次
[2023-11-17 00:48:28.395259] [生死逃杀] [第 3 节 第三节 亡命追杀] 未找到段落paragraphs 1 次
[2023-11-17 00:56:06.033464] [白日梦你 奇妙恋爱进行时] [第 4 节 抢回身体之后] 未找到段落paragraphs 1 次
[2023-11-17 00:56:07.523632] [白日梦你 奇妙恋爱进行时] [第 4 节 抢回身体之后] 未找到段落paragraphs 2 次
[2023-11-17 00:56:08.955973] [白日梦你 奇妙恋爱进行时] [第 4 节 抢回身体之后] 未找到段落paragraphs 3 次
[2023-11-17 00:56:10.132191] [白日梦你 奇妙恋爱进行时] [第 4 节 抢回身体之后] 未找到段落paragraphs 4 次
[2023-11-17 00:57:25.099995] [白日梦你 奇妙恋爱进行时] [第 17 节 关键词] 未找到段落paragraphs 1 次
[2023-11-17 00:58:25.842284] [白昼如焚] [第 7 节 警局前的追尾] 未找到段落paragraphs 1 次
[2023-11-17 00:59:12.616609] [白昼如焚] [第 15 节 唐突的正面交锋] 未找到段落paragraphs 1 次
[2023-11-17 01:00:09.675394] [白骨夜行 胆小者绕路] [第 7 节 下辈子别住合租房] 未找到段落paragraphs 1 次
[2023-11-17 01:01:54.568419] [白骨夜行 胆小者绕路] [第 26 节 胎灵护母] 未找到段落paragraphs 1 次
[2023-11-17 01:02:11.432011] [白骨夜行 胆小者绕路] [第 29 节 直播算命之畸形的爱] 未找到段落paragraphs 1 次
[2023-11-17 01:02:17.779838] [白骨夜行 胆小者绕路] [第 30 节 直播算命之阴阳鸳鸯] 未找到段落paragraphs 1 次
[2023-11-17 01:06:05.233432] [真实解剖手记 一个法医的死因调查簿] [第 8 节 十年来，凶手都在命案现场附近打工] 未找到段落paragraphs 1 次
[2023-11-17 01:07:26.377439] [破碎之镜 她等待刀锋已久] [第 1 节 摘星] 未找到段落paragraphs 1 次
[2023-11-17 01:10:32.020037] [破碎之镜 她等待刀锋已久] [第 35 节 红嫁衣] 未找到段落paragraphs 1 次
[2023-11-17 01:10:39.598860] [破碎之镜 她等待刀锋已久] [第 36 节 我是奇遇NPC] 未找到段落paragraphs 1 次
[2023-11-17 01:11:58.551953] [破碎之镜 她等待刀锋已久] [第 49 节 人脸诡事] 未找到段落paragraphs 1 次
[2023-11-17 01:11:59.879158] [破碎之镜 她等待刀锋已久] [第 49 节 人脸诡事] 未找到段落paragraphs 2 次
[2023-11-17 01:12:01.257515] [破碎之镜 她等待刀锋已久] [第 49 节 人脸诡事] 未找到段落paragraphs 3 次
[2023-11-17 01:12:02.719541] [破碎之镜 她等待刀锋已久] [第 49 节 人脸诡事] 未找到段落paragraphs 4 次
[2023-11-17 01:12:04.178548] [破碎之镜 她等待刀锋已久] [第 49 节 人脸诡事] 未找到段落paragraphs 5 次
[2023-11-17 01:13:00.398100] [穿成万人嫌的我有升级系统] [第 8 节 番外] 未找到段落paragraphs 1 次
[2023-11-17 01:15:34.602380] [等不及 杀了你] [第 15 节 她同深山决斗] 未找到段落paragraphs 1 次
[2023-11-17 01:15:41.119264] [等不及 杀了你] [第 16 节 死后方生] 未找到段落paragraphs 1 次
[2023-11-17 01:15:58.212043] [等不及 杀了你] [第 19 节 生存考试] 未找到段落paragraphs 1 次
[2023-11-17 01:17:33.726907] [等不及 杀了你] [第 35 节 轮回转命] 未找到段落paragraphs 1 次
[2023-11-17 01:18:25.687906] [等不及 杀了你] [第 44 节 盼来的儿子] 未找到段落paragraphs 1 次
[2023-11-17 01:18:48.984538] [等不及 杀了你] [第 48 节 无限循环] 未找到段落paragraphs 1 次
[2023-11-17 01:26:32.585836] [罪恶无声 冷门行业发生过的凶案] [第 6 节 凶宅试住主播] 未找到段落paragraphs 1 次
[2023-11-17 01:26:34.004742] [罪恶无声 冷门行业发生过的凶案] [第 6 节 凶宅试住主播] 未找到段落paragraphs 2 次
[2023-11-17 01:26:35.439655] [罪恶无声 冷门行业发生过的凶案] [第 6 节 凶宅试住主播] 未找到段落paragraphs 3 次
[2023-11-17 01:26:53.110497] [罪恶无声 冷门行业发生过的凶案] [第 9 节 守墓人] 未找到段落paragraphs 1 次
[2023-11-17 01:27:59.182680] [罪案故事馆] [第10章 以我之身，换盛世安康] 未找到段落paragraphs 1 次
[2023-11-17 01:28:00.567981] [罪案故事馆] [第10章 以我之身，换盛世安康] 未找到段落paragraphs 2 次
[2023-11-17 01:29:31.636261] [罪案故事馆] [第33章 海岛惊魂] 未找到段落paragraphs 1 次
[2023-11-17 01:32:08.589047] [罪案故事馆] [第60章 消失的室友] 未找到段落paragraphs 1 次
[2023-11-17 01:32:22.265373] [罪案故事馆] [第62章 相亲女友彩礼５００万] 未找到段落paragraphs 1 次
[2023-11-17 01:40:51.098125] [罪案调查一科] [第 1 节 无辜者] 未找到段落paragraphs 1 次
[2023-11-17 01:43:53.151236] [罪案调查一科] [第 33 节 地铁偷拍门事件] 未找到段落paragraphs 1 次
[2023-11-17 01:43:54.530885] [罪案调查一科] [第 33 节 地铁偷拍门事件] 未找到段落paragraphs 2 次
[2023-11-17 01:43:56.010443] [罪案调查一科] [第 33 节 地铁偷拍门事件] 未找到段落paragraphs 3 次
[2023-11-17 01:48:08.951847] [罪案调查一科] [第 77 节 有风的地方] 未找到段落paragraphs 1 次
[2023-11-17 01:48:10.598399] [罪案调查一科] [第 77 节 有风的地方] 未找到段落paragraphs 2 次
[2023-11-17 01:48:28.599758] [罪案调查一科] [第 81 节 我和丧尸王，携手端了缅北电诈园] 未找到段落paragraphs 1 次
[2023-11-17 01:48:41.547504] [罪案调查一科] [第 84 节 缅北赌场] 未找到段落paragraphs 1 次
[2023-11-17 01:48:43.179239] [罪案调查一科] [第 84 节 缅北赌场] 未找到段落paragraphs 2 次
[2023-11-17 01:52:12.097697] [美艳女主 在线躺赢] [第 23 节 别让她背锅] 未找到段落paragraphs 1 次
[2023-11-17 01:52:23.976639] [美艳女主 在线躺赢] [第 25 节 茶艺对决] 未找到段落paragraphs 1 次
[2023-11-17 01:55:34.243765] [老城风云 一位文身师的传奇经历] [第 7 节 人皮] 未找到段落paragraphs 1 次
[2023-11-17 01:58:54.837876] [脑洞发招 刀下留情 闯入 18 个光怪陆离的奇异时空] [第 9 节 钟摆赌约（上）] 未找到段落paragraphs 1 次
[2023-11-17 02:04:35.881542] [脑洞商城] [第 53 节 克苏鲁怪物与辛弃疾] 未找到段落paragraphs 1 次
[2023-11-17 02:04:42.063179] [脑洞商城] [第 54 节 显眼包竟是邪神] 未找到段落paragraphs 1 次
[2023-11-17 02:04:48.442768] [脑洞商城] [第 55 节 半尸婚] 未找到段落paragraphs 1 次
[2023-11-17 02:05:00.016703] [脑洞商城] [第 57 节 我带超市帮诸葛亮统一全世界] 未找到段落paragraphs 1 次
[2023-11-17 02:06:05.275066] [脑洞商城] [第 68 节 当发现知名男星是个肾虚男后] 未找到段落paragraphs 1 次
[2023-11-17 02:08:04.229648] [脑洞商城] [第 90 节 坠楼的少女] 未找到段落paragraphs 1 次
[2023-11-17 02:08:05.636394] [脑洞商城] [第 90 节 坠楼的少女] 未找到段落paragraphs 2 次
[2023-11-17 02:08:07.164316] [脑洞商城] [第 90 节 坠楼的少女] 未找到段落paragraphs 3 次
[2023-11-17 02:08:08.551614] [脑洞商城] [第 90 节 坠楼的少女] 未找到段落paragraphs 4 次
[2023-11-17 02:08:09.922779] [脑洞商城] [第 90 节 坠楼的少女] 未找到段落paragraphs 5 次
[2023-11-17 02:08:52.129113] [脑洞商城] [第 97 节 离婚后，前夫一个男人居然生娃了] 未找到段落paragraphs 1 次
[2023-11-17 02:09:21.423589] [脑洞在燃烧 这神展开的世界] [第 1 节 听了这个声音，你会怀孕] 未找到段落paragraphs 1 次
[2023-11-17 02:09:23.122742] [脑洞在燃烧 这神展开的世界] [第 1 节 听了这个声音，你会怀孕] 未找到段落paragraphs 2 次
[2023-11-17 02:09:24.427113] [脑洞在燃烧 这神展开的世界] [第 1 节 听了这个声音，你会怀孕] 未找到段落paragraphs 3 次
[2023-11-17 02:09:26.007831] [脑洞在燃烧 这神展开的世界] [第 1 节 听了这个声音，你会怀孕] 未找到段落paragraphs 4 次
[2023-11-17 02:09:27.466148] [脑洞在燃烧 这神展开的世界] [第 1 节 听了这个声音，你会怀孕] 未找到段落paragraphs 5 次
[2023-11-17 02:10:18.062674] [脑洞奇妙环游] [第 2 节 梦境心理师] 未找到段落paragraphs 1 次
[2023-11-17 02:13:37.173856] [脑洞奇妙环游] [第 37 节 美食家] 未找到段落paragraphs 1 次
[2023-11-17 02:13:55.736728] [脑洞奇妙环游] [第 40 节 隔离守则] 未找到段落paragraphs 1 次
[2023-11-17 02:14:19.989880] [脑洞奇妙环游] [第 44 节 员工守则] 未找到段落paragraphs 1 次
[2023-11-17 02:15:12.450277] [脑洞当铺 你不会发现我的秘密] [第 1 节 你的账号，未登出] 未找到段落paragraphs 1 次
[2023-11-17 02:17:20.575395] [致命危机 暗夜下的涌动] [第 14 节 秋天是倒放的春天] 未找到段落paragraphs 1 次
[2023-11-17 02:21:15.590077] [致命花园 爱 谋杀和死亡漩涡] [第 3 节 消失的护工] 未找到段落paragraphs 1 次
[2023-11-17 02:21:35.235989] [致命花园 爱 谋杀和死亡漩涡] [第 6 节 烟火下的罪恶] 未找到段落paragraphs 1 次
[2023-11-17 02:27:20.684860] [苗疆蛊事 我被外婆下了金蚕蛊] [第 1 节 2007 年我被外婆下了金蚕蛊] 未找到段落paragraphs 1 次
[2023-11-17 02:27:22.181916] [苗疆蛊事 我被外婆下了金蚕蛊] [第 1 节 2007 年我被外婆下了金蚕蛊] 未找到段落paragraphs 2 次
[2023-11-17 02:27:35.441831] [苗疆蛊事 我被外婆下了金蚕蛊] [第 3 节 南方寒冬之江城妖树] 未找到段落paragraphs 1 次
[2023-11-17 02:27:43.027956] [苗疆蛊事 我被外婆下了金蚕蛊] [第 4 节 故乡的云和溶洞子] 未找到段落paragraphs 1 次
[2023-11-17 02:28:14.899926] [苗疆蛊事 我被外婆下了金蚕蛊] [第 9 节 关于理想，关于爱情] 未找到段落paragraphs 1 次
[2023-11-17 02:29:29.194882] [苗疆蛊事 我被外婆下了金蚕蛊] [第 21 节 风水咨询公司] 未找到段落paragraphs 1 次
[2023-11-17 02:30:09.001559] [苗疆蛊事 我被外婆下了金蚕蛊] [第 27 节 亡命天涯] 未找到段落paragraphs 1 次
[2023-11-17 02:30:10.416466] [苗疆蛊事 我被外婆下了金蚕蛊] [第 27 节 亡命天涯] 未找到段落paragraphs 2 次
[2023-11-17 02:30:11.943187] [苗疆蛊事 我被外婆下了金蚕蛊] [第 27 节 亡命天涯] 未找到段落paragraphs 3 次
[2023-11-17 02:30:13.529708] [苗疆蛊事 我被外婆下了金蚕蛊] [第 27 节 亡命天涯] 未找到段落paragraphs 4 次
[2023-11-17 02:30:15.067865] [苗疆蛊事 我被外婆下了金蚕蛊] [第 27 节 亡命天涯] 未找到段落paragraphs 5 次
[2023-11-17 02:32:15.479000] [苟住 末日生还者] [第 3 节 苟住！靠零食活下去] 未找到段落paragraphs 1 次
[2023-11-17 02:32:16.821337] [苟住 末日生还者] [第 3 节 苟住！靠零食活下去] 未找到段落paragraphs 2 次
[2023-11-17 02:32:18.239372] [苟住 末日生还者] [第 3 节 苟住！靠零食活下去] 未找到段落paragraphs 3 次
[2023-11-17 02:32:19.734793] [苟住 末日生还者] [第 3 节 苟住！靠零食活下去] 未找到段落paragraphs 4 次
[2023-11-17 02:32:21.223531] [苟住 末日生还者] [第 3 节 苟住！靠零食活下去] 未找到段落paragraphs 5 次
[2023-11-17 02:32:22.735690] [苟住 末日生还者] [第 4 节 苟住！甜甜要做救世主] 未找到段落paragraphs 1 次
[2023-11-17 02:32:47.406873] [苟住 末日生还者] [第 8 节 苟住！我有一个丧尸王] 未找到段落paragraphs 1 次
[2023-11-17 02:33:07.078332] [苟住 末日生还者] [第 11 节 苟住！丧尸爆发时的世外桃源] 未找到段落paragraphs 1 次
[2023-11-17 02:42:18.606079] [血月将至 万物现世] [第 34 节 直播间鉴鬼] 未找到段落paragraphs 1 次
[2023-11-17 02:43:13.267790] [血月将至 万物现世] [第 43 节 直播连线，鉴出阴婚新娘] 未找到段落paragraphs 1 次
[2023-11-17 02:44:50.915397] [血迷宫 猜不透结局的逆袭反杀故事] [第 9 节 妻子的诡计] 未找到段落paragraphs 1 次
[2023-11-17 02:44:52.250803] [血迷宫 猜不透结局的逆袭反杀故事] [第 9 节 妻子的诡计] 未找到段落paragraphs 2 次
[2023-11-17 02:44:53.513070] [血迷宫 猜不透结局的逆袭反杀故事] [第 9 节 妻子的诡计] 未找到段落paragraphs 3 次
[2023-11-17 02:44:54.800216] [血迷宫 猜不透结局的逆袭反杀故事] [第 9 节 妻子的诡计] 未找到段落paragraphs 4 次
[2023-11-17 02:45:01.886166] [血迷宫 猜不透结局的逆袭反杀故事] [第 10 节 生日杀手] 未找到段落paragraphs 1 次
[2023-11-17 02:45:03.427556] [血迷宫 猜不透结局的逆袭反杀故事] [第 10 节 生日杀手] 未找到段落paragraphs 2 次
[2023-11-17 02:45:04.887173] [血迷宫 猜不透结局的逆袭反杀故事] [第 10 节 生日杀手] 未找到段落paragraphs 3 次
[2023-11-17 02:57:21.288069] [诡域之地心世界] [第7章 沼泽巨怪] 未找到段落paragraphs 1 次
[2023-11-17 02:57:45.601117] [诡异侵袭 真相虚无] [第 1 节 夫妻的较量] 未找到段落paragraphs 1 次
[2023-11-17 02:59:13.733340] [诡异侵袭 真相虚无] [第 18 节 偏方] 未找到段落paragraphs 1 次
[2023-11-17 02:59:20.390196] [诡异侵袭 真相虚无] [第 19 节 天糊] 未找到段落paragraphs 1 次
[2023-11-17 03:02:38.151209] [请回到 2008] [第 2 节 讨厌的他] 未找到段落paragraphs 1 次
[2023-11-17 03:06:46.502490] [谋杀启事 3 迷离悬案追踪手记] [第 7 节 试验，歌犬] 未找到段落paragraphs 1 次
[2023-11-17 03:16:34.025623] [迷雾之城 隐秘角落的爱与真相] [第 38 节 恐怖邻居] 未找到段落paragraphs 1 次
[2023-11-17 03:20:27.047753] [逆转世界 魔幻现实你怕了吗] [第 6 节 永生之家] 未找到段落paragraphs 1 次
[2023-11-17 03:24:57.957871] [阴戏] [第 1 节 小叔叔] 未找到段落paragraphs 1 次
[2023-11-17 03:25:47.836397] [阴戏] [第 10 节 大红旗] 未找到段落paragraphs 1 次
[2023-11-17 03:31:44.701462] [阴阳夜市 照见人性的灵异美食之旅] [第 15 节 蛛丝棉花糖，困兽妈妈] 未找到段落paragraphs 1 次
[2023-11-17 03:31:45.969763] [阴阳夜市 照见人性的灵异美食之旅] [第 15 节 蛛丝棉花糖，困兽妈妈] 未找到段落paragraphs 2 次
[2023-11-17 03:31:47.729841] [阴阳夜市 照见人性的灵异美食之旅] [第 15 节 蛛丝棉花糖，困兽妈妈] 未找到段落paragraphs 3 次
[2023-11-17 03:31:49.331571] [阴阳夜市 照见人性的灵异美食之旅] [第 15 节 蛛丝棉花糖，困兽妈妈] 未找到段落paragraphs 4 次
[2023-11-17 03:32:41.916106] [阴阳夜市 照见人性的灵异美食之旅] [第 24 节 鬼子草熏鸡，幽灵娃娃] 未找到段落paragraphs 1 次
[2023-11-17 03:34:11.489339] [阴阳术士 恐怖惊悚的生死买卖] [第 8 节 活佛化怨] 未找到段落paragraphs 1 次
[2023-11-17 03:34:13.171820] [阴阳术士 恐怖惊悚的生死买卖] [第 8 节 活佛化怨] 未找到段落paragraphs 2 次
[2023-11-17 03:34:14.618672] [阴阳术士 恐怖惊悚的生死买卖] [第 8 节 活佛化怨] 未找到段落paragraphs 3 次
[2023-11-17 03:34:16.141344] [阴阳术士 恐怖惊悚的生死买卖] [第 8 节 活佛化怨] 未找到段落paragraphs 4 次
[2023-11-17 03:34:17.809628] [阴阳术士 恐怖惊悚的生死买卖] [第 8 节 活佛化怨] 未找到段落paragraphs 5 次
[2023-11-17 03:34:48.444355] [阴阳术士 恐怖惊悚的生死买卖] [第 14 节 渔夫] 未找到段落paragraphs 1 次
[2023-11-17 03:37:26.892539] [阴阳术士 恐怖惊悚的生死买卖] [第 40 节 离开红门镇妖地] 未找到段落paragraphs 1 次
[2023-11-17 03:37:28.387870] [阴阳术士 恐怖惊悚的生死买卖] [第 40 节 离开红门镇妖地] 未找到段落paragraphs 2 次
[2023-11-17 03:37:29.737270] [阴阳术士 恐怖惊悚的生死买卖] [第 40 节 离开红门镇妖地] 未找到段落paragraphs 3 次
[2023-11-17 03:37:31.283562] [阴阳术士 恐怖惊悚的生死买卖] [第 40 节 离开红门镇妖地] 未找到段落paragraphs 4 次
[2023-11-17 03:37:32.650008] [阴阳术士 恐怖惊悚的生死买卖] [第 40 节 离开红门镇妖地] 未找到段落paragraphs 5 次
[2023-11-17 03:37:57.217198] [阴阳术士 恐怖惊悚的生死买卖] [第 45 节 孙圣安] 未找到段落paragraphs 1 次
[2023-11-17 03:48:00.670007] [难说再见难说爱] [第 45 节 舍不得孩子套不着郎] 未找到段落paragraphs 1 次
[2023-11-17 03:48:02.343748] [难说再见难说爱] [第 45 节 舍不得孩子套不着郎] 未找到段落paragraphs 2 次
[2023-11-17 03:48:03.716829] [难说再见难说爱] [第 45 节 舍不得孩子套不着郎] 未找到段落paragraphs 3 次
[2023-11-17 03:48:05.240597] [难说再见难说爱] [第 45 节 舍不得孩子套不着郎] 未找到段落paragraphs 4 次
[2023-11-17 03:48:06.643629] [难说再见难说爱] [第 45 节 舍不得孩子套不着郎] 未找到段落paragraphs 5 次
[2023-11-17 03:50:53.440060] [雾起青苔 她们与恶的距离] [第 5 节 凶宅中介] 未找到段落paragraphs 1 次
[2023-11-17 03:51:50.756155] [霓虹夜徊 破谜云 破万祟] [第 4 节 死亡期末] 未找到段落paragraphs 1 次
[2023-11-17 03:51:52.322268] [霓虹夜徊 破谜云 破万祟] [第 4 节 死亡期末] 未找到段落paragraphs 2 次
[2023-11-17 03:51:53.739161] [霓虹夜徊 破谜云 破万祟] [第 4 节 死亡期末] 未找到段落paragraphs 3 次
[2023-11-17 03:51:55.254523] [霓虹夜徊 破谜云 破万祟] [第 4 节 死亡期末] 未找到段落paragraphs 4 次
[2023-11-17 03:51:56.832564] [霓虹夜徊 破谜云 破万祟] [第 4 节 死亡期末] 未找到段落paragraphs 5 次
[2023-11-17 04:00:22.741902] [青柳腰 女主的夺命弯刀] [第 11 节 听爸爸的话] 未找到段落paragraphs 1 次
[2023-11-17 04:00:24.168902] [青柳腰 女主的夺命弯刀] [第 11 节 听爸爸的话] 未找到段落paragraphs 2 次
[2023-11-17 04:00:25.607904] [青柳腰 女主的夺命弯刀] [第 11 节 听爸爸的话] 未找到段落paragraphs 3 次
[2023-11-17 04:00:27.083907] [青柳腰 女主的夺命弯刀] [第 11 节 听爸爸的话] 未找到段落paragraphs 4 次
[2023-11-17 04:00:28.528902] [青柳腰 女主的夺命弯刀] [第 11 节 听爸爸的话] 未找到段落paragraphs 5 次
[2023-11-17 04:01:32.980731] [非典型蛇蝎] [第 9 节 陌生老公] 未找到段落paragraphs 1 次
[2023-11-17 04:02:17.511601] [非典型蛇蝎] [第 17 节 三年深情不及她] 未找到段落paragraphs 1 次
[2023-11-17 04:05:34.614628] [非典型蛇蝎] [第 1 节 Siri 杀人始末] 未找到段落paragraphs 1 次
[2023-11-17 04:07:14.878949] [非正常人类恋爱笔记] [第 16 节 硬核狠人创死 po 文] 未找到段落paragraphs 1 次
[2023-11-17 04:07:16.538611] [非正常人类恋爱笔记] [第 16 节 硬核狠人创死 po 文] 未找到段落paragraphs 2 次
[2023-11-17 04:07:17.887480] [非正常人类恋爱笔记] [第 16 节 硬核狠人创死 po 文] 未找到段落paragraphs 3 次
[2023-11-17 04:07:19.227513] [非正常人类恋爱笔记] [第 16 节 硬核狠人创死 po 文] 未找到段落paragraphs 4 次
[2023-11-17 04:07:20.659517] [非正常人类恋爱笔记] [第 16 节 硬核狠人创死 po 文] 未找到段落paragraphs 5 次
[2023-11-17 04:15:21.302130] [魔方大厦] [第 15 节 鬼嫁] 未找到段落paragraphs 1 次
[2023-11-17 04:16:43.451543] [魔方大厦] [第 30 节 带飞大佬是我妈] 未找到段落paragraphs 1 次
[2023-11-17 04:16:50.817742] [魔方大厦] [第 31 节 末世：房子进化了] 未找到段落paragraphs 1 次
[2023-11-17 04:16:58.085011] [魔方大厦] [第 32 节 人蛇冢] 未找到段落paragraphs 1 次
[2023-11-17 04:16:59.567958] [魔方大厦] [第 32 节 人蛇冢] 未找到段落paragraphs 2 次
[2023-11-17 04:17:17.113170] [魔方大厦] [第 35 节 鼠疫] 未找到段落paragraphs 1 次
[2023-11-17 04:20:05.752203] [黑镜规则怪谈] [第 2 节 女寝怪谈：天黑别闭眼] 未找到段落paragraphs 1 次
[2023-11-17 11:23:08.948195] [丧尸爆发 大佬逃生我躺平] [第 10 节 末世恋爱脑] 未找到段落paragraphs 1 次
[2023-11-17 11:23:18.527356] [丧尸爆发 大佬逃生我躺平] [第 11 节 末日苟活168天] 未找到段落paragraphs 1 次
[2023-11-17 11:23:21.450157] [丧尸爆发 大佬逃生我躺平] [第 11 节 末日苟活168天] 未找到段落paragraphs 2 次
[2023-11-17 11:23:25.349625] [丧尸爆发 大佬逃生我躺平] [第 11 节 末日苟活168天] 未找到段落paragraphs 3 次
[2023-11-17 11:23:30.314950] [丧尸爆发 大佬逃生我躺平] [第 11 节 末日苟活168天] 未找到段落paragraphs 4 次
[2023-11-17 11:23:36.174032] [丧尸爆发 大佬逃生我躺平] [第 11 节 末日苟活168天] 未找到段落paragraphs 5 次
[2023-11-17 11:23:43.125083] [丧尸爆发 大佬逃生我躺平] [第 11 节 末日苟活168天] 未找到段落paragraphs 6 次
[2023-11-17 11:23:51.028186] [丧尸爆发 大佬逃生我躺平] [第 11 节 末日苟活168天] 未找到段落paragraphs 7 次
[2023-11-17 11:23:59.968879] [丧尸爆发 大佬逃生我躺平] [第 11 节 末日苟活168天] 未找到段落paragraphs 8 次
[2023-11-17 11:24:10.072532] [丧尸爆发 大佬逃生我躺平] [第 11 节 末日苟活168天] 未找到段落paragraphs 9 次
[2023-11-17 11:28:53.126697] [丧尸爆发 大佬逃生我躺平] [第 11 节 末日苟活168天] 未找到段落paragraphs 1 次
[2023-11-17 11:28:55.323327] [丧尸爆发 大佬逃生我躺平] [第 11 节 末日苟活168天] 未找到段落paragraphs 2 次
[2023-11-17 11:28:56.493826] [丧尸爆发 大佬逃生我躺平] [第 11 节 末日苟活168天] 未找到段落paragraphs 3 次
[2023-11-17 11:28:59.372301] [丧尸爆发 大佬逃生我躺平] [第 11 节 末日苟活168天] 未找到段落paragraphs 4 次
[2023-11-17 11:29:05.685724] [丧尸爆发 大佬逃生我躺平] [第 11 节 末日苟活168天] 未找到段落paragraphs 5 次
[2023-11-17 11:29:08.843857] [丧尸爆发 大佬逃生我躺平] [第 11 节 末日苟活168天] 未找到段落paragraphs 6 次
[2023-11-17 11:29:16.705997] [丧尸爆发 大佬逃生我躺平] [第 11 节 末日苟活168天] 未找到段落paragraphs 7 次
[2023-11-17 11:29:23.822956] [丧尸爆发 大佬逃生我躺平] [第 11 节 末日苟活168天] 未找到段落paragraphs 8 次
[2023-11-17 11:29:28.926732] [丧尸爆发 大佬逃生我躺平] [第 11 节 末日苟活168天] 未找到段落paragraphs 9 次
[2023-11-17 11:29:38.484087] [丧尸爆发 大佬逃生我躺平] [第 11 节 末日苟活168天] 未找到段落paragraphs 10 次
[2023-11-17 11:29:48.503863] [丧尸爆发 大佬逃生我躺平] [第 11 节 末日苟活168天] 未找到段落paragraphs 11 次
[2023-11-17 11:29:52.630921] [丧尸爆发 大佬逃生我躺平] [第 11 节 末日苟活168天] 未找到段落paragraphs 12 次
[2023-11-17 11:30:02.968274] [丧尸爆发 大佬逃生我躺平] [第 11 节 末日苟活168天] 未找到段落paragraphs 13 次
[2023-11-17 11:30:18.614478] [丧尸爆发 大佬逃生我躺平] [第 11 节 末日苟活168天] 未找到段落paragraphs 14 次
[2023-11-17 11:30:26.488403] [丧尸爆发 大佬逃生我躺平] [第 11 节 末日苟活168天] 未找到段落paragraphs 15 次
[2023-11-17 11:30:30.637517] [丧尸爆发 大佬逃生我躺平] [第 11 节 末日苟活168天] 未找到段落paragraphs 16 次
[2023-11-17 11:30:33.321696] [丧尸爆发 大佬逃生我躺平] [第 11 节 末日苟活168天] 未找到段落paragraphs 17 次
[2023-11-17 11:30:36.019867] [丧尸爆发 大佬逃生我躺平] [第 11 节 末日苟活168天] 未找到段落paragraphs 18 次
[2023-11-17 11:30:55.481272] [丧尸爆发 大佬逃生我躺平] [第 11 节 末日苟活168天] 未找到段落paragraphs 19 次
[2023-11-17 11:31:07.571581] [丧尸爆发 大佬逃生我躺平] [第 11 节 末日苟活168天] 未找到段落paragraphs 20 次
